\BOOKMARK [0][-]{chapter.1}{\376\377\000I\000n\000t\000r\000o\000d\000u\000c\000t\000i\000o\000n}{}% 1
\BOOKMARK [0][-]{chapter.2}{\376\377\000T\000i\000p\000p\000i\000n\000g\000\040\000m\000e\000c\000h\000a\000n\000i\000s\000m\000s\000,\000\040\000a\000n\000d\000\040\000e\000a\000r\000l\000y\000\040\000w\000a\000r\000n\000i\000n\000g\000\040\000s\000i\000g\000n\000a\000l\000s\000.}{}% 2
\BOOKMARK [1][-]{section.2.1}{\376\377\000C\000r\000i\000t\000i\000c\000a\000l\000\040\000s\000l\000o\000w\000i\000n\000g\000\040\000d\000o\000w\000n\000\040\000a\000n\000d\000\040\000r\000e\000s\000i\000l\000i\000e\000n\000c\000e}{chapter.2}% 3
\BOOKMARK [2][-]{subsection.2.1.1}{\376\377\000E\000s\000t\000i\000m\000a\000t\000i\000o\000n\000\040\000f\000o\000r\000\040\000l\000i\000n\000e\000a\000r\000l\000y\000\040\000s\000t\000a\000b\000l\000e\000\040\000s\000y\000s\000t\000e\000m\000s\000\040\000i\000n\000\040\000c\000r\000i\000t\000i\000c\000a\000l\000\040\000b\000i\000f\000u\000r\000c\000a\000t\000i\000o\000n\000s}{section.2.1}% 4
\BOOKMARK [1][-]{section.2.2}{\376\377\000T\000y\000p\000e\000s\000\040\000o\000f\000\040\000t\000i\000p\000p\000i\000n\000g}{chapter.2}% 5
\BOOKMARK [2][-]{subsection.2.2.1}{\376\377\000D\000y\000n\000a\000m\000i\000c\000a\000l\000\040\000b\000i\000f\000u\000r\000c\000a\000t\000i\000o\000n\000s\000,\000\040\000o\000r\000\040\000B\000-\000t\000i\000p\000p\000i\000n\000g}{section.2.2}% 6
\BOOKMARK [2][-]{subsection.2.2.2}{\376\377\000P\000u\000r\000e\000\040\000s\000t\000o\000c\000h\000a\000s\000t\000i\000c\000\040\000t\000i\000p\000p\000i\000n\000g\000,\000\040\000o\000r\000\040\000N\000-\000t\000i\000p\000p\000i\000n\000g}{section.2.2}% 7
\BOOKMARK [2][-]{subsection.2.2.3}{\376\377\000R\000a\000t\000e\000\040\000i\000n\000d\000u\000c\000e\000d\000\040\000b\000i\000f\000u\000r\000c\000a\000t\000i\000o\000n\000s\000,\000\040\000o\000r\000\040\000R\000-\000t\000i\000p\000p\000i\000n\000g}{section.2.2}% 8
\BOOKMARK [2][-]{subsection.2.2.4}{\376\377\000S\000h\000o\000c\000k\000\040\000i\000n\000d\000u\000c\000e\000d\000\040\000b\000i\000f\000u\000r\000c\000a\000t\000i\000o\000n\000s\000,\000\040\000o\000r\000\040\000S\000-\000t\000i\000p\000p\000i\000n\000g}{section.2.2}% 9
\BOOKMARK [1][-]{section.2.3}{\376\377\000C\000a\000t\000e\000g\000o\000r\000i\000e\000s\000\040\000o\000f\000\040\000E\000W\000S}{chapter.2}% 10
\BOOKMARK [2][-]{subsection.2.3.1}{\376\377\000E\000W\000S\000\040\000p\000e\000r\000f\000o\000r\000m\000a\000n\000c\000e}{section.2.3}% 11
\BOOKMARK [1][-]{section.2.4}{\376\377\000T\000h\000e\000\040\000c\000o\000n\000n\000e\000c\000t\000i\000o\000n\000\040\000b\000e\000t\000w\000e\000e\000n\000\040\000e\000x\000t\000r\000e\000m\000e\000\040\000e\000v\000e\000n\000t\000s\000\040\000a\000n\000d\000\040\000t\000r\000a\000n\000s\000i\000t\000i\000o\000n\000i\000n\000g\000\040\000s\000y\000s\000t\000e\000m\000s}{chapter.2}% 12
\BOOKMARK [2][-]{subsection.2.4.1}{\376\377\000T\000a\000i\000l\000\040\000r\000e\000l\000a\000t\000e\000d\000\040\000m\000e\000t\000r\000i\000c\000s}{section.2.4}% 13
\BOOKMARK [2][-]{subsection.2.4.2}{\376\377\000C\000o\000m\000m\000o\000n\000\040\000v\000a\000l\000u\000e\000s}{section.2.4}% 14
\BOOKMARK [2][-]{subsection.2.4.3}{\376\377\000C\000o\000n\000v\000e\000r\000g\000e\000n\000c\000e}{section.2.4}% 15
\BOOKMARK [2][-]{subsection.2.4.4}{\376\377\000B\000o\000o\000t\000s\000t\000r\000a\000p\000p\000i\000n\000g}{section.2.4}% 16
\BOOKMARK [1][-]{section.2.5}{\376\377\000S\000t\000o\000c\000h\000a\000s\000t\000i\000c\000\040\000d\000i\000f\000f\000e\000r\000e\000n\000t\000i\000a\000l\000\040\000e\000q\000u\000a\000t\000i\000o\000n\000s\000\040\000\050\000S\000D\000E\000\051}{chapter.2}% 17
\BOOKMARK [2][-]{subsection.2.5.1}{\376\377\000O\000r\000n\000s\000t\000e\000i\000n\000-\000U\000h\000l\000e\000n\000b\000e\000c\000k\000\040\000s\000t\000o\000c\000h\000a\000s\000t\000i\000c\000\040\000p\000r\000o\000c\000e\000s\000s}{section.2.5}% 18
\BOOKMARK [2][-]{subsection.2.5.2}{\376\377\000A\000u\000g\000m\000e\000n\000t\000e\000d\000\040\000s\000t\000o\000c\000h\000a\000s\000t\000i\000c\000\040\000s\000y\000s\000t\000e\000m\000\040\000\050\000A\000S\000S\000\051}{section.2.5}% 19
\BOOKMARK [2][-]{subsection.2.5.3}{\376\377\000D\000e\000f\000i\000n\000i\000n\000g\000\040\000a\000n\000\040\000a\000d\000i\000a\000b\000a\000t\000i\000c\000\040\000s\000w\000e\000e\000p\000i\000n\000g}{section.2.5}% 20
\BOOKMARK [1][-]{section.2.6}{\376\377\000T\000r\000a\000c\000k\000i\000n\000g\000\040\000t\000i\000m\000e\000s\000c\000a\000l\000e\000,\000\040\000a\000n\000d\000\040\000l\000o\000s\000s\000\040\000o\000f\000\040\000s\000y\000m\000m\000e\000t\000r\000y\000\040\000i\000n\000\040\000t\000h\000e\000\040\000a\000u\000g\000m\000e\000n\000t\000e\000d\000\040\000s\000y\000s\000t\000e\000m}{chapter.2}% 21
\BOOKMARK [1][-]{section.2.7}{\376\377\000a\000d\000i\000a\000b\000a\000t\000i\000c\000\040\000n\000u\000m\000b\000e\000r}{chapter.2}% 22
\BOOKMARK [1][-]{section.2.8}{\376\377\000S\000i\000m\000u\000l\000a\000t\000i\000o\000n\000\040\000a\000n\000d\000\040\000a\000n\000a\000l\000y\000s\000i\000s\000\040\000m\000e\000t\000h\000o\000d\000o\000l\000o\000g\000y\000.}{chapter.2}% 23
\BOOKMARK [1][-]{section.2.9}{\376\377\000e\000x\000a\000m\000p\000l\000e\000s\000:}{chapter.2}% 24
\BOOKMARK [2][-]{subsection.2.9.1}{\376\377\000C\000u\000s\000t\000o\000m\000\040\000\050\000c\000h\000a\000n\000g\000e\000\040\000n\000a\000m\000e\000\051}{section.2.9}% 25
\BOOKMARK [2][-]{subsection.2.9.2}{\376\377\000S\000u\000b\000-\000c\000r\000i\000t\000i\000c\000a\000l\000\040\000p\000i\000t\000c\000h\000f\000o\000r\000k}{section.2.9}% 26
\BOOKMARK [2][-]{subsection.2.9.3}{\376\377\000S\000u\000p\000e\000r\000-\000c\000r\000i\000t\000i\000c\000a\000l\000\040\000p\000i\000t\000c\000h\000f\000o\000r\000k}{section.2.9}% 27
\BOOKMARK [2][-]{subsection.2.9.4}{\376\377\000A\000b\000u\000n\000d\000a\000n\000c\000e}{section.2.9}% 28
\BOOKMARK [2][-]{subsection.2.9.5}{\376\377\000H\000o\000p\000f\000\040\000b\000i\000f\000u\000r\000c\000a\000t\000i\000o\000n}{section.2.9}% 29
\BOOKMARK [2][-]{subsection.2.9.6}{\376\377\000F\000o\000l\000d\000\040\000b\000i\000f\000u\000r\000c\000a\000t\000i\000o\000n}{section.2.9}% 30
\BOOKMARK [2][-]{subsection.2.9.7}{\376\377\000S\000h\000a\000r\000p\000\040\000t\000r\000a\000n\000s\000i\000t\000i\000o\000n\000\040\000\050\0001\000\051\000\040}{section.2.9}% 31
\BOOKMARK [1][-]{section.2.10}{\376\377\000C\000o\000n\000c\000l\000u\000s\000i\000o\000n\000s}{chapter.2}% 32
\BOOKMARK [1][-]{section.2.11}{\376\377\000O\000u\000t\000l\000o\000o\000k\000\040\000a\000n\000d\000\040\000r\000e\000m\000a\000i\000n\000i\000n\000g\000\040\000q\000u\000e\000s\000t\000i\000o\000n\000s}{chapter.2}% 33
\BOOKMARK [1][-]{section.2.12}{\376\377\000L\000i\000s\000t\000\040\000o\000f\000\040\000s\000y\000m\000b\000o\000l\000s}{chapter.2}% 34
\BOOKMARK [0][-]{section*.44}{\376\377\000A\000p\000p\000e\000n\000d\000i\000c\000e\000s}{}% 35
\BOOKMARK [0][-]{appendix.a.A}{\376\377\000E\000W\000S\000\040\000a\000p\000p\000e\000n\000d\000i\000x}{}% 36
\BOOKMARK [1][-]{subsection.a.A.0.1}{\376\377\000R\000o\000g\000u\000e\000\040\000e\000v\000e\000n\000t\000s\000\040\000i\000n\000d\000e\000x}{appendix.a.A}% 37
\BOOKMARK [1][-]{section.a.A.1}{\376\377\000P\000i\000t\000c\000h\000f\000o\000r\000k\000\040\000t\000o\000y\000\040\000m\000o\000d\000e\000l}{appendix.a.A}% 38
\BOOKMARK [1][-]{section.a.A.2}{\376\377\000p\000a\000r\000a\000d\000o\000x\000?}{appendix.a.A}% 39
\BOOKMARK [1][-]{section.a.A.3}{\376\377\000S\000t\000o\000c\000h\000a\000s\000t\000i\000c\000\040\000a\000d\000i\000a\000b\000a\000t\000i\000c\000\040\000t\000i\000m\000e\000s\000c\000a\000l\000e}{appendix.a.A}% 40
\BOOKMARK [1][-]{section.a.A.4}{\376\377\000E\000x\000t\000r\000e\000m\000e\000\040\000e\000v\000e\000n\000t\000s}{appendix.a.A}% 41
\BOOKMARK [1][-]{section.a.A.5}{\376\377\000E\000x\000t\000r\000e\000m\000e\000\040\000e\000v\000e\000n\000t\000s\000\040\000f\000r\000o\000m\000\040\000m\000a\000t\000h\000e\000m\000a\000t\000i\000c\000s}{appendix.a.A}% 42
\BOOKMARK [1][-]{section.a.A.6}{\376\377\000B\000o\000o\000t\000s\000t\000r\000a\000p\000i\000n\000g\000\040\000e\000x\000p\000o\000n\000e\000n\000t\000i\000a\000l\000\040}{appendix.a.A}% 43
\BOOKMARK [1][-]{section.a.A.7}{\376\377\000l\000e\000f\000t\000o\000v\000e\000r}{appendix.a.A}% 44
\BOOKMARK [1][-]{section.a.A.8}{\376\377\000N\000o\000n\000\040\000e\000q\000u\000i\000l\000i\000b\000r\000i\000u\000m\000\040\000v\000a\000r\000i\000a\000n\000c\000e}{appendix.a.A}% 45
\BOOKMARK [1][-]{section.a.A.9}{\376\377\000U\000p\000p\000e\000r\000\040\000c\000o\000n\000s\000t\000r\000a\000i\000n\000t\000\040\000o\000f\000\040\000t\000h\000e\000\040\000i\000n\000t\000e\000g\000r\000a\000t\000i\000o\000n\000\040\000s\000c\000h\000e\000m\000e\000.}{appendix.a.A}% 46
\BOOKMARK [2][-]{subsection.a.A.9.1}{\376\377\000S\000h\000a\000r\000p\000\040\000t\000r\000a\000n\000s\000i\000t\000i\000o\000n\000\040\000m\000o\000c\000k\000u\000p}{section.a.A.9}% 47
\BOOKMARK [1][-]{section.a.A.10}{\376\377\000O\000v\000e\000r\000s\000h\000o\000o\000t\000\040\000t\000i\000p\000p\000i\000n\000g\000\040\000w\000i\000t\000h\000\040\000h\000i\000g\000h\000\040\000n\000o\000i\000s\000e}{appendix.a.A}% 48
\BOOKMARK [1][-]{section.a.A.11}{\376\377\000t\000r\000i\000a\000n\000g\000l\000e}{appendix.a.A}% 49
